"../../../Engine/Content/Functions/Engine_MaterialFunctions01/Shading/PowerToRoughness.uasset" 0
"../../../Engine/Content/Functions/Engine_MaterialFunctions01/Shading/ConvertFromDiffSpec.uasset" 1
"../../../Engine/Content/EngineMaterials/DefaultDiffuse.uasset" 2
"../../../Engine/Content/EngineMaterials/DefaultDeferredDecalMaterial.uasset" 3
"../../../Engine/Content/EngineMaterials/DefaultLightFunctionMaterial.uasset" 4
"../../../Engine/Content/Functions/Engine_MaterialFunctions02/Utility/BreakOutFloat2Components.uasset" 5
"../../../Engine/Content/EngineMaterials/DefaultPostProcessMaterial.uasset" 6
"../../../Engine/Content/EditorMaterials/Camera/CineMat.uasset" 7
"../../../Engine/Content/EditorMaterials/Camera/MI_CineMat_Rig.uasset" 8
"../../../Engine/Content/EditorMeshes/Camera/SM_CraneRig_Base.uasset" 9
"../../../Engine/Content/EditorMeshes/Camera/SM_CraneRig_Arm.uasset" 10
"../../../Engine/Content/EditorMeshes/Camera/SM_CraneRig_Mount.uasset" 11
"../../../Engine/Content/EditorMeshes/Camera/SM_CraneRig_Body.uasset" 12
"../../../Engine/Content/EditorMeshes/Camera/SM_RailRig_Track.uasset" 13
"../../../Engine/Content/EditorMeshes/Camera/SM_RailRig_Mount.uasset" 14
"../../../Engine/Content/EngineResources/AICON-Red.uasset" 15
"../../../Engine/Content/EngineResources/AICON-Green.uasset" 16
"../../../Engine/Content/EngineFonts/Roboto.uasset" 17
"../../../Engine/Content/EngineResources/DefaultTexture.uasset" 18
"../../../Engine/Content/Functions/Engine_MaterialFunctions01/Texturing/ScaleUVsByCenter.uasset" 19
"../../../Engine/Content/Functions/Engine_MaterialFunctions02/ScreenResolution.uasset" 20
"../../../Engine/Content/Functions/Engine_MaterialFunctions02/Texturing/ScreenAlignedUVs.uasset" 21
"../../../Engine/Content/EngineResources/WhiteSquareTexture.uasset" 22
"../../../Engine/Content/EngineMaterials/Widget3DPassThrough.uasset" 23
"../../../Engine/Content/EngineMaterials/Widget3DPassThrough_Translucent.uasset" 24
"../../../Engine/Content/EngineMaterials/Widget3DPassThrough_Translucent_OneSided.uasset" 25
"../../../Engine/Content/EngineMaterials/Widget3DPassThrough_Opaque.uasset" 26
"../../../Engine/Content/EngineMaterials/Widget3DPassThrough_Opaque_OneSided.uasset" 27
"../../../Engine/Content/EngineMaterials/Widget3DPassThrough_Masked.uasset" 28
"../../../Engine/Content/EngineMaterials/Widget3DPassThrough_Masked_OneSided.uasset" 29
"../../../Engine/Content/EditorResources/S_Actor.uasset" 30
"../../../Engine/Content/EditorMaterials/AssetViewer/EpicQuadPanorama_CC+EV1.uasset" 31
"../../../Engine/Content/EditorResources/RGBTable16x1_AssetViewer.uasset" 32
"../../../Engine/Content/Maps/Templates/Thumbnails/Default.uasset" 33
"../../../Engine/Content/Maps/Templates/Thumbnails/VR-Basic.uasset" 34
"../../../Engine/Content/EditorMaterials/ParticleSystems/PSysThumbnail_NoImage.uasset" 35
"../../../Engine/Content/EditorMaterials/ParticleSystems/PSysThumbnail_OOD.uasset" 36
"../../../Engine/Content/EditorLandscapeResources/DataLayer.uasset" 37
"../../../Engine/Content/EngineDamageTypes/DmgTypeBP_Environmental.uasset" 38
"../../../Engine/Content/EngineMeshes/Sphere.uasset" 39
"../../../Engine/Content/EngineFonts/RobotoDistanceField.uasset" 40
"../../../Engine/Content/EngineMaterials/DefaultTextMaterialOpaque.uasset" 41
"../../../Engine/Content/EditorResources/S_Trigger.uasset" 42
"../../../Engine/Content/EngineResources/GradientTexture0.uasset" 43
"../../../Engine/Content/EngineResources/Black.uasset" 44
"../../../Engine/Content/EditorMaterials/MatineeGroups/MAT_Groups_Float.uasset" 45
"../../../Engine/Content/EditorMaterials/MatineeGroups/MAT_Groups_Director.uasset" 46
"../../../Engine/Content/EditorMaterials/MatineeGroups/MAT_Groups_Event.uasset" 47
"../../../Engine/Content/EditorMaterials/MatineeGroups/MAT_Groups_Anim.uasset" 48
"../../../Engine/Content/EditorMaterials/MatineeGroups/MAT_Groups_Fade.uasset" 49
"../../../Engine/Content/EditorMaterials/MatineeGroups/MAT_Groups_Move.uasset" 50
"../../../Engine/Content/EditorMaterials/MatineeGroups/MAT_Groups_Slomo.uasset" 51
"../../../Engine/Content/EditorMaterials/MatineeGroups/MAT_ColorTrack.uasset" 52
"../../../Engine/Content/EditorMaterials/MAT_Groups_Toggle.uasset" 53
"../../../Engine/Content/EditorMaterials/MatineeGroups/MAT_Groups_AudioMaster.uasset" 54
"../../../Engine/Content/EditorMaterials/MatineeGroups/MAT_Groups_Sound.uasset" 55
"../../../Engine/Content/EditorMaterials/MatineeGroups/MAT_Groups_Vector.uasset" 56
"../../../Engine/Content/EditorMaterials/MAT_Groups_Visibility.uasset" 57
"../../../Engine/Content/EngineResources/DefaultTextureCube.uasset" 58
"../../../Engine/Content/Functions/Engine_MaterialFunctions01/Opacity/CameraDepthFade.uasset" 59
"../../../Engine/Content/EngineMaterials/T_Default_Material_Grid_M.uasset" 60
"../../../Engine/Content/EngineMaterials/T_Default_Material_Grid_N.uasset" 61
"../../../Engine/Content/EngineMaterials/DefaultMaterial.uasset" 62
"../../../Engine/Content/EngineMeshes/Cylinder.uasset" 63
"../../../Engine/Content/EngineTireTypes/DefaultTireType.uasset" 64
"../../../Engine/Content/VREditor/LaserPointer/VR_LaserPower_01.uasset" 65
"../../../Engine/Content/VREditor/TransformGizmo/TransformGizmoMaterial.uasset" 66
"../../../Engine/Content/VREditor/TransformGizmo/TranslucentTransformGizmoMaterial.uasset" 67
"../../../Engine/Content/VREditor/TransformGizmo/UniformScaleHandle.uasset" 68
"../../../Engine/Content/VREditor/TransformGizmo/TranslateHandleLong.uasset" 69
"../../../Engine/Content/VREditor/TransformGizmo/PlaneTranslationHandle.uasset" 70
"../../../Engine/Content/VREditor/TransformGizmo/RotationHandleFull.uasset" 71
"../../../Engine/Content/VREditor/TransformGizmo/StretchingHandle.uasset" 72
"../../../Engine/Content/VREditor/TransformGizmo/BoundingBoxCorner.uasset" 73
"../../../Engine/Content/VREditor/TransformGizmo/BoundingBoxEdge.uasset" 74
"../../../Engine/Content/VREditor/UI/SelectionBarMesh.uasset" 75
"../../../Engine/Content/VREditor/UI/CloseButtonMesh.uasset" 76
"../../../Engine/Content/VREditor/FloatingText/LineMaterial.uasset" 77
"../../../Engine/Content/VREditor/FloatingText/LineSegmentCylinder.uasset" 78
"../../../Engine/Content/VREditor/FloatingText/JointSphere.uasset" 79
"../../../Engine/Content/VREditor/Fonts/VRText_RobotoLarge.uasset" 80
"../../../Engine/Content/VREditor/Fonts/VRTextMaterial.uasset" 81
"../../../Engine/Content/VREditor/Fonts/TranslucentVRTextMaterial.uasset" 82
"../../../Engine/Content/VREditor/TransformGizmo/TranslationHandle.uasset" 83
"../../../Engine/Content/VREditor/TransformGizmo/RotationHandle.uasset" 84
"../../../Engine/Content/VREditor/Devices/Generic/GenericHMDMaterial.uasset" 85
"../../../Engine/Content/VREditor/Devices/Generic/GenericHMD.uasset" 86
"../../../Engine/Content/Functions/Engine_MaterialFunctions01/Gradient/RadialGradient.uasset" 87
"../../../Engine/Content/EditorLandscapeResources/FlattenHeightMat.uasset" 88
"../../../Engine/Content/VREditor/WorldMovementGrid/PlaneMesh.uasset" 89
"../../../Engine/Content/VREditor/WorldMovementGrid/SimpleGrid.uasset" 90
"../../../Engine/Content/VREditor/WorldMovementGrid/GridMaterial.uasset" 91
"../../../Engine/Content/VREditor/LaserPointer/LaserPointerMaterial.uasset" 92
"../../../Engine/Content/VREditor/LaserPointer/LaserPointerMaterialInst.uasset" 93
"../../../Engine/Content/VREditor/LaserPointer/TranslucentLaserPointerMaterialInst.uasset" 94
"../../../Engine/Content/VREditor/LaserPointer/LaserPointerMesh.uasset" 95
"../../../Engine/Content/Functions/Engine_MaterialFunctions01/Density/ExponentialDensity.uasset" 96
"../../../Engine/Content/VREditor/WorldMovementGrid/GridPostProcess.uasset" 97
"../../../Engine/Content/VREditor/Sounds/VR_teleport_Cue.uasset" 98
"../../../Engine/Content/VREditor/Sounds/VR_grab_Cue.uasset" 99
"../../../Engine/Content/Tutorial/ContentIntroCurve.uasset" 100
"../../../Engine/Plugins/2D/Paper2D/Content/PlaceholderTextures/DummySpriteTexture.uasset" 101
"../../../Engine/Plugins/2D/Paper2D/Content/DefaultSpriteMaterial.uasset" 102
"../../../Engine/Plugins/2D/Paper2D/Content/MaskedUnlitSpriteMaterial.uasset" 103
"../../../Engine/Plugins/2D/Paper2D/Content/OpaqueUnlitSpriteMaterial.uasset" 104
"../../../Engine/Plugins/2D/Paper2D/Content/DummySprite.uasset" 105
"../../../Engine/Plugins/2D/Paper2D/Content/DefaultPaperTerrainMaterial.uasset" 106
"../../../Engine/Content/MobileResources/HUD/AnalogHat.uasset" 107
"../../../RiotControl/Content/TopDownCPP/Blueprints/M_Cursor_Decal.uasset" 108
"../../../RiotControl/Content/Mannequin/Character/Mesh/UE4_Mannequin_Skeleton.uasset" 109
"../../../RiotControl/Content/Mannequin/Animations/ThirdPerson_Jump.uasset" 110
"../../../RiotControl/Content/Mannequin/Animations/ThirdPersonJump_Loop.uasset" 111
"../../../RiotControl/Content/Mannequin/Animations/ThirdPersonJump_Start.uasset" 112
"../../../RiotControl/Content/Mannequin/Animations/ThirdPersonIdle.uasset" 113
"../../../RiotControl/Content/Mannequin/Animations/ThirdPersonRun.uasset" 114
"../../../RiotControl/Content/Mannequin/Animations/ThirdPersonWalk.uasset" 115
"../../../RiotControl/Content/Mannequin/Animations/ThirdPerson_IdleRun_2D.uasset" 116
"../../../Engine/Content/EditorBlueprintResources/StandardMacros.uasset" 117
"../../../RiotControl/Content/Mannequin/Animations/ThirdPerson_AnimBP.uasset" 118
"../../../Engine/Content/Functions/Engine_MaterialFunctions02/Utility/BlendAngleCorrectedNormals.uasset" 119
"../../../Engine/Content/Functions/MaterialLayerFunctions/MatLayerBlend_NormalBlend.uasset" 120
"../../../Engine/Content/Functions/MaterialLayerFunctions/MatLayerBlend_Simple.uasset" 121
"../../../RiotControl/Content/Mannequin/Character/Materials/MaterialLayers/T_ML_Rubber_Blue_01_D.uasset" 122
"../../../RiotControl/Content/Mannequin/Character/Materials/MaterialLayers/T_ML_Rubber_Blue_01_N.uasset" 123
"../../../RiotControl/Content/Mannequin/Character/Materials/MaterialLayers/ML_GlossyBlack_Latex_UE4.uasset" 124
"../../../RiotControl/Content/Mannequin/Character/Materials/MaterialLayers/ML_Plastic_Shiny_Beige.uasset" 125
"../../../RiotControl/Content/Mannequin/Character/Textures/UE4_LOGO_CARD.uasset" 126
"../../../RiotControl/Content/Mannequin/Character/Materials/MaterialLayers/ML_Plastic_Shiny_Beige_LOGO.uasset" 127
"../../../RiotControl/Content/Mannequin/Character/Materials/MaterialLayers/T_ML_Aluminum01.uasset" 128
"../../../RiotControl/Content/Mannequin/Character/Materials/MaterialLayers/T_ML_Aluminum01_N.uasset" 129
"../../../RiotControl/Content/Mannequin/Character/Materials/MaterialLayers/ML_SoftMetal_UE4.uasset" 130
"../../../RiotControl/Content/Mannequin/Character/Textures/UE4_Mannequin__normals.uasset" 131
"../../../RiotControl/Content/Mannequin/Character/Textures/UE4_Mannequin_MAT_MASKA.uasset" 132
"../../../RiotControl/Content/Mannequin/Character/Materials/M_UE4Man_Body.uasset" 133
"../../../RiotControl/Content/Mannequin/Character/Textures/UE4Man_Logo_N.uasset" 134
"../../../RiotControl/Content/Mannequin/Character/Materials/M_UE4Man_ChestLogo.uasset" 135
"../../../RiotControl/Content/Mannequin/Character/Mesh/SK_Mannequin_PhysicsAsset.uasset" 136
"../../../RiotControl/Content/Mannequin/Character/Mesh/SK_Mannequin.uasset" 137
"../../../RiotControl/Content/TopDownCPP/Blueprints/TopDownCharacter.uasset" 138
"../../../Engine/Content/EngineMaterials/RemoveSurfaceMaterial.uasset" 139
"../../../Engine/Content/EngineDebugMaterials/DebugMeshMaterial.uasset" 140
"../../../Engine/Content/EngineMaterials/InvalidLightmapSettings.uasset" 141
"../../../Engine/Content/EngineMaterials/M_InvalidLightmapSettings.uasset" 142
"../../../Engine/Content/EditorMaterials/GizmoMaterial.uasset" 143
"../../../Engine/Content/EngineMaterials/PhAT_JointLimitMaterial.uasset" 144
"../../../Engine/Content/EngineMaterials/Good64x64TilingNoiseHighFreq.uasset" 145
"../../../Engine/Content/EngineMaterials/DefaultBokeh.uasset" 146
"../../../Engine/Content/EngineMaterials/PreintegratedSkinBRDF.uasset" 147
"../../../Engine/Content/EngineMaterials/MiniFont.uasset" 148
"../../../Engine/Content/EngineMaterials/WeightMapPlaceholderTexture.uasset" 149
"../../../Engine/Content/EngineMaterials/DefaultWhiteGrid.uasset" 150
"../../../Engine/Content/EngineMaterials/DefaultPhysicalMaterial.uasset" 151
"../../../Engine/Content/EngineFonts/RobotoTiny.uasset" 152
"../../../Engine/Content/EditorSounds/Notifications/CompileSuccess.uasset" 153
"../../../Engine/Content/EditorSounds/Notifications/CompileStart_Cue.uasset" 154
"../../../Engine/Content/EditorSounds/Notifications/CompileSuccess_Cue.uasset" 155
"../../../Engine/Content/EditorSounds/Notifications/CompileFailed.uasset" 156
"../../../Engine/Content/EditorSounds/Notifications/CompileFailed_Cue.uasset" 157
"../../../Engine/Content/BasicShapes/Cylinder.uasset" 158
"../../../Engine/Content/BasicShapes/Cone.uasset" 159
"../../../Engine/Content/EditorResources/BSPVertex.uasset" 160
"../../../Engine/Content/EngineDebugMaterials/GeomMaterial.uasset" 161
"../../../Engine/Content/EngineDebugMaterials/HeatmapGradient.uasset" 162
"../../../Engine/Content/EngineDebugMaterials/BoneWeightMaterial.uasset" 163
"../../../Engine/Content/EditorMaterials/PreviewShadowIndicator.uasset" 164
"../../../Engine/Content/EditorMaterials/PreviewShadowIndicatorMaterial.uasset" 165
"../../../Engine/Content/EngineMaterials/EditorBrushMaterial.uasset" 166
"../../../Engine/Content/EditorMeshes/ColorCalibrator/M_ChromeBall.uasset" 167
"../../../Engine/Content/EditorMeshes/ColorCalibrator/M_ClearCoat.uasset" 168
"../../../Engine/Content/EditorMeshes/ColorCalibrator/M_ClearCoatBlack.uasset" 169
"../../../Engine/Content/EditorMeshes/ColorCalibrator/T_ColorGrid.uasset" 170
"../../../Engine/Content/EditorMeshes/ColorCalibrator/M_ColorGrid.uasset" 171
"../../../Engine/Content/EditorMeshes/ColorCalibrator/M_GreyBall.uasset" 172
"../../../Engine/Content/EditorMeshes/ColorCalibrator/SM_ColorCalibrator.uasset" 173
"../../../Engine/Content/Tutorial/BlueprintTutorials/TutorialAssets/Blueprint_64x.uasset" 174
"../../../Engine/Content/Tutorial/SubEditors/TutorialAssets/icon_Editor_Preferences_General_40x.uasset" 175
"../../../Engine/Content/Tutorial/Paper2D/TutorialAssets/Paper2DSprite_TutorialIcon.uasset" 176
"../../../Engine/Content/Tutorial/SubEditors/TutorialAssets/icon_ShowSkeletalMeshes_40x.uasset" 177
"../../../Engine/Content/Tutorial/Landscape/TutorialAssets/Landscape.uasset" 178
"../../../Engine/Content/Tutorial/Foliage/TutorialAssets/Foliage.uasset" 179
"../../../Engine/Content/Tutorial/Basics/TutorialAssets/icon_tab_Levels_40x.uasset" 180
"../../../Engine/Content/Tutorial/BlueprintTutorials/TutorialAssets/BlueprintMacroLibrary_64x.uasset" 181
"../../../Engine/Content/Tutorial/BlueprintTutorials/TutorialAssets/BlueprintInterface_64x.uasset" 182
"../../../Engine/Content/Tutorial/Paper2D/TutorialAssets/Paper2DFlipbook_TutorialIcon.uasset" 183
"../../../Engine/Content/MobileResources/HUD/T_Castle_ThumbstickInner.uasset" 184
"../../../Engine/Content/MobileResources/HUD/MobileHUDDirectionPad3.uasset" 185
"../../../Engine/Content/EditorResources/EmptyActor.uasset" 186
"../../../Engine/Content/MobileResources/HUD/MobileHUDDirectionPad.uasset" 187
"../../../Engine/Content/EngineMeshes/Cube.uasset" 188
"../../../Engine/Content/Tutorial/BlueprintTutorials/TutorialAssets/Tutorial_BP_Interface.uasset" 189
"../../../Engine/Content/EngineMaterials/WorldGridMaterial.uasset" 190
"../../../Engine/Content/EditorMeshes/EditorCube.uasset" 191
"../../../Engine/Content/Tutorial/SubEditors/TutorialAssets/Tutorial_DM.uasset" 192
"../../../Engine/Content/Tutorial/SubEditors/TutorialAssets/TutorialMaterial.uasset" 193
"../../../Engine/Content/Tutorial/SubEditors/TutorialAssets/T_SmokeSubUV_8X8.uasset" 194
"../../../Engine/Content/Tutorial/SubEditors/TutorialAssets/T_soft_smoke.uasset" 195
"../../../Engine/Content/Tutorial/SubEditors/TutorialAssets/M_smoke_subUV_blackbody.uasset" 196
"../../../Engine/Content/Tutorial/SubEditors/TutorialAssets/TutorialParticleSystem.uasset" 197
"../../../Engine/Content/MobileResources/HUD/MobileHUDButton2_off.uasset" 198
"../../../Engine/Content/MobileResources/HUD/MobileHUDButton1_on.uasset" 199
"../../../Engine/Content/MobileResources/HUD/MobileHUDButton1_off.uasset" 200
"../../../Engine/Content/MobileResources/HUD/VirtualJoystick_Background.uasset" 201
"../../../Engine/Content/MobileResources/HUD/VirtualJoystick_Thumb.uasset" 202
"../../../Engine/Content/MobileResources/HUD/LeftVirtualJoystickOnly.uasset" 203
"../../../Engine/Content/MobileResources/HUD/DefaultVirtualJoysticks.uasset" 204
"../../../Engine/Content/MobileResources/T_MobileMenu2.uasset" 205
"../../../Engine/Content/MobileResources/T_MobileControls_texture.uasset" 206
"../../../RiotControl/Content/Textures/LUT/LUT_WarmContrast.uasset" 207
"../../../RiotControl/Content/Textures/LUT/LUT_Warm.uasset" 208
"../../../RiotControl/Content/Textures/LUT/LUT_StrongAmber.uasset" 209
"../../../RiotControl/Content/Textures/LUT/LUT_Night_Dark.uasset" 210
"../../../RiotControl/Content/Textures/LUT/LUT_Night2.uasset" 211
"../../../RiotControl/Content/Textures/LUT/LUT_Night1.uasset" 212
"../../../RiotControl/Content/Textures/LUT/LUT_MatrixGreen.uasset" 213
"../../../RiotControl/Content/Textures/LUT/LUT_MatrixBlue.uasset" 214
"../../../RiotControl/Content/Textures/LUT/LUT_Filmic9.uasset" 215
"../../../RiotControl/Content/Textures/LUT/LUT_Filmic8.uasset" 216
"../../../RiotControl/Content/Textures/LUT/LUT_Filmic7.uasset" 217
"../../../RiotControl/Content/Textures/LUT/LUT_Filmic6.uasset" 218
"../../../RiotControl/Content/Textures/LUT/LUT_Filmic5.uasset" 219
"../../../RiotControl/Content/Textures/LUT/LUT_Filmic4.uasset" 220
"../../../RiotControl/Content/Textures/LUT/LUT_Filmic3.uasset" 221
"../../../RiotControl/Content/Textures/LUT/LUT_Filmic2.uasset" 222
"../../../RiotControl/Content/Textures/LUT/LUT_Filmic.uasset" 223
"../../../RiotControl/Content/Textures/LUT/LUT_Fall.uasset" 224
"../../../RiotControl/Content/Textures/LUT/LUT_DesaturatedFog.uasset" 225
"../../../RiotControl/Content/Textures/LUT/LUT_CoolContrast.uasset" 226
"../../../RiotControl/Content/Textures/LUT/LUT_CandleLight.uasset" 227
"../../../RiotControl/Content/Textures/LUT/LUT_BleachBypass.uasset" 228
"../../../RiotControl/Content/Materials/AI/M_UE4Man_Body.uasset" 229
"../../../RiotControl/Content/Materials/AI/M_UE4Man_Body_Civillian_MIns.uasset" 230
"../../../RiotControl/Content/Materials/Invis_M.uasset" 231
"../../../RiotControl/Content/Mannequin/Animations/ThirdPersonJump_End.uasset" 232
"../../../RiotControl/Content/Geometry/Meshes/CubeMaterial.uasset" 233
"../../../RiotControl/Content/Geometry/Meshes/TemplateFloor.uasset" 234
"../../../RiotControl/Content/FirstPerson/Character/Mesh/SK_Mannequin_Arms_Skeleton.uasset" 235
"../../../RiotControl/Content/FirstPerson/Animations/FirstPerson_Idle.uasset" 236
"../../../RiotControl/Content/FirstPerson/Animations/FirstPerson_JumpEnd.uasset" 237
"../../../RiotControl/Content/FirstPerson/Animations/FirstPerson_JumpLoop.uasset" 238
"../../../RiotControl/Content/FirstPerson/Animations/FirstPerson_JumpStart.uasset" 239
"../../../RiotControl/Content/FirstPerson/Animations/FirstPerson_Run.uasset" 240
"../../../RiotControl/Content/FirstPerson/Animations/FirstPerson_AnimBP.uasset" 241
"../../../RiotControl/Content/FirstPerson/Animations/FirstPerson_Fire.uasset" 242
"../../../RiotControl/Content/FirstPerson/Animations/FirstPersonFire_Montage.uasset" 243
"../../../RiotControl/Content/FirstPerson/Audio/FirstPersonTemplateWeaponFire02.uasset" 244
"../../../RiotControl/Content/FirstPerson/Character/Materials/MaterialLayers/T_ML_Rubber_Blue_01_D.uasset" 245
"../../../RiotControl/Content/FirstPerson/Character/Materials/MaterialLayers/T_ML_Rubber_Blue_01_N.uasset" 246
"../../../RiotControl/Content/FirstPerson/Character/Materials/MaterialLayers/ML_GlossyBlack_Latex_UE4.uasset" 247
"../../../RiotControl/Content/FirstPerson/Character/Materials/MaterialLayers/ML_Plastic_Shiny_Beige.uasset" 248
"../../../RiotControl/Content/FirstPerson/Character/Textures/UE4_LOGO_CARD.uasset" 249
"../../../RiotControl/Content/FirstPerson/Character/Materials/MaterialLayers/ML_Plastic_Shiny_Beige_LOGO.uasset" 250
"../../../RiotControl/Content/FirstPerson/Character/Materials/MaterialLayers/T_ML_Aluminum01.uasset" 251
"../../../RiotControl/Content/FirstPerson/Character/Materials/MaterialLayers/T_ML_Aluminum01_N.uasset" 252
"../../../RiotControl/Content/FirstPerson/Character/Materials/MaterialLayers/ML_SoftMetal_UE4.uasset" 253
"../../../RiotControl/Content/FirstPerson/Character/Textures/UE4_Mannequin__normals.uasset" 254
"../../../RiotControl/Content/FirstPerson/Character/Textures/UE4_Mannequin_MAT_MASKA.uasset" 255
"../../../RiotControl/Content/FirstPerson/Character/Materials/M_UE4Man_Body.uasset" 256
"../../../RiotControl/Content/FirstPerson/Character/Mesh/SK_Mannequin_Arms_PhysicsAsset.uasset" 257
"../../../RiotControl/Content/FirstPerson/Character/Mesh/SK_Mannequin_Arms.uasset" 258
"../../../RiotControl/Content/FirstPerson/FPWeapon/Materials/MaterialLayers/T_ML_Rubber_Blue_01_D.uasset" 259
"../../../RiotControl/Content/FirstPerson/FPWeapon/Materials/MaterialLayers/T_ML_Rubber_Blue_01_N.uasset" 260
"../../../RiotControl/Content/FirstPerson/FPWeapon/Materials/MaterialLayers/ML_GlossyBlack_Latex_UE4.uasset" 261
"../../../RiotControl/Content/FirstPerson/FPWeapon/Materials/MaterialLayers/ML_Plastic_Shiny_Beige.uasset" 262
"../../../RiotControl/Content/FirstPerson/FPWeapon/Materials/MaterialLayers/ML_Screen.uasset" 263
"../../../RiotControl/Content/FirstPerson/FPWeapon/Materials/MaterialLayers/T_ML_Aluminum01.uasset" 264
"../../../RiotControl/Content/FirstPerson/FPWeapon/Materials/MaterialLayers/T_ML_Aluminum01_N.uasset" 265
"../../../RiotControl/Content/FirstPerson/FPWeapon/Materials/MaterialLayers/ML_SoftMetal_UE4.uasset" 266
"../../../RiotControl/Content/FirstPerson/FPWeapon/Textures/T_FPGun_M.uasset" 267
"../../../RiotControl/Content/FirstPerson/FPWeapon/Textures/T_FPGun_N.uasset" 268
"../../../RiotControl/Content/FirstPerson/FPWeapon/Materials/M_FPGun.uasset" 269
"../../../RiotControl/Content/FirstPerson/FPWeapon/Mesh/SK_FPGun_Skeleton.uasset" 270
"../../../RiotControl/Content/FirstPerson/FPWeapon/Mesh/SK_FPGun.uasset" 271
"../../../RiotControl/Content/FirstPersonBP/Blueprints/FirstPersonCharacter.uasset" 272
"../../../RiotControl/Content/FirstPerson/Textures/FirstPersonCrosshair.uasset" 273
"../../../RiotControl/Content/FirstPersonBP/Blueprints/FirstPersonHUD.uasset" 274
"../../../RiotControl/Content/FirstPersonBP/Blueprints/FirstPersonGameMode.uasset" 275
"../../../RiotControl/Content/FirstPerson/Meshes/BaseMaterial.uasset" 276
"../../../RiotControl/Content/FirstPerson/Meshes/FirstPersonProjectileMaterial.uasset" 277
"../../../RiotControl/Content/FirstPerson/Meshes/FirstPersonProjectileMesh.uasset" 278
"../../../RiotControl/Content/FirstPerson/FPWeapon/Mesh/SK_FPGun_PhysicsAsset.uasset" 279
"../../../RiotControl/Content/FirstPerson/FPWeapon/Materials/MaterialLayers/T_ML_FineRubber.uasset" 280
"../../../RiotControl/Content/FirstPerson/FPWeapon/Materials/MaterialLayers/ML_Plastic_Shiny_Beige_LOGO.uasset" 281
"../../../RiotControl/Content/Blueprints/Player/FirstPersonCharacter.uasset" 282
"../../../RiotControl/Content/Blueprints/GUI/WorldHUD/RioterDespawnTimer.uasset" 283
"../../../RiotControl/Content/Textures/GUI/Mobile/test_joystick1.uasset" 284
"../../../RiotControl/Content/Textures/GUI/Mobile/test_joystick2.uasset" 285
"../../../RiotControl/Content/Blueprints/GUI/HUD/Rioter_Mobile/RioterHUD.uasset" 286
"../../../RiotControl/Content/Blueprints/GUI/HUD/Police_Desktop/PoliceHUD.uasset" 287
"../../../RiotControl/Content/Blueprints/AI/RiotControlDetourAiController_BP.uasset" 288
"../../../RiotControl/Content/Blueprints/AI/AITypeEnum.uasset" 289
"../../../Engine/Content/MobileResources/HUD/MobileHUDButton3.uasset" 290
"../../../Engine/Content/MobileResources/HUD/MobileHUDDirectionStick.uasset" 291
"../../../Engine/Content/MobileResources/HUD/T_Castle_ThumbstickOutter.uasset" 292
"../../../Engine/Content/MobileResources/HUD/MobileHUDDirectionPad2.uasset" 293
"../../../Engine/Content/MobileResources/HUD/MobileHUDButtonFire.uasset" 294
"../../../Engine/Content/MobileResources/HUD/MobileHUDButton2_on.uasset" 295
"../../../Engine/Content/EngineMaterials/DefaultNormal.uasset" 296
"../../../Engine/Content/Maps/Entry.umap" 297
"../../../RiotControl/Content/Blueprints/M_Cursor_Decal.uasset" 298
"../../../RiotControl/Content/Blueprints/RTSCharacterBP.uasset" 299
"../../../Engine/Content/EngineSky/C_Sky_Cloud_Color.uasset" 300
"../../../Engine/Content/EngineSky/C_Sky_Horizon_Color.uasset" 301
"../../../Engine/Content/EngineSky/C_Sky_Zenith_Color.uasset" 302
"../../../Engine/Content/EngineSky/T_Sky_Blue.uasset" 303
"../../../Engine/Content/EngineSky/T_Sky_Clouds_M.uasset" 304
"../../../Engine/Content/EngineSky/T_Sky_Stars.uasset" 305
"../../../Engine/Content/EngineSky/M_Sky_Panning_Clouds2.uasset" 306
"../../../Engine/Content/EngineSky/SM_SkySphere.uasset" 307
"../../../Engine/Content/EngineSky/BP_Sky_Sphere.uasset" 308
"../../../RiotControl/Content/Geometry/Meshes/1M_Cube.uasset" 309
"../../../RiotControl/Content/Geometry/Meshes/1M_Cube_Chamfer.uasset" 310
"../../../RiotControl/Content/TopDownCPP/Maps/TopDownExampleMap.umap" 311
"../../../RiotControl/Content/Blueprints/GameMode/RTSGameStateBP.uasset" 312
"../../../RiotControl/Content/Blueprints/GameMode/RTSPlayerStateBP.uasset" 313
"../../../Engine/Content/BasicShapes/BasicShapeMaterial.uasset" 314
"../../../Engine/Content/BasicShapes/Sphere.uasset" 315
"../../../RiotControl/Content/Textures/LUT/LUT_Evening.uasset" 316
"../../../RiotControl/Content/Blueprints/Player/RTSCameraPawnBP.uasset" 317
"../../../RiotControl/Content/Materials/AI/M_UE4Man_Body_Police_MIns.uasset" 318
"../../../RiotControl/Content/Blueprints/AI/UnitPositionEnum.uasset" 319
"../../../RiotControl/Content/Blueprints/PhysMat/Police_PhysMat.uasset" 320
"../../../RiotControl/Content/Blueprints/AI/PoliceUnit.uasset" 321
"../../../RiotControl/Content/Blueprints/GUI/HUD/Debug/DebugHUD.uasset" 322
"../../../RiotControl/Content/Blueprints/Player/RTSControllerBP.uasset" 323
"../../../RiotControl/Content/Blueprints/GameMode/PlatformEnum.uasset" 324
"../../../RiotControl/Content/Blueprints/GameMode/RTSGameModeBP.uasset" 325
"../../../RiotControl/Content/TopDownBP/Maps/TopDownExampleMap.umap" 326
"../../../Engine/Content/Functions/Engine_MaterialFunctions03/Procedurals/ComputeFilterWidth.uasset" 327
"../../../Engine/Content/EngineMaterials/AntiAliasedTextMaterialTranslucent.uasset" 328
"../../../RiotControl/Content/FirstPerson/Meshes/CubeMaterialOverride.uasset" 329
"../../../RiotControl/Content/FirstPersonBP/Maps/FirstPersonExampleMap.umap" 330
"../../../RiotControl/Content/Materials/AI/M_UE4Man_Body_Rioter_MIns.uasset" 331
"../../../RiotControl/Content/Blueprints/AI/AI.uasset" 332
"../../../RiotControl/Content/Materials/CP_M.uasset" 333
"../../../RiotControl/Content/Blueprints/Gameplay/ControlPointTrigger_BP.uasset" 334
"../../../RiotControl/Content/Materials/Building_M.uasset" 335
"../../../RiotControl/Content/Materials/Floor_M.uasset" 336
"../../../RiotControl/Content/Materials/HQ_M.uasset" 337
"../../../RiotControl/Content/Materials/Road_M.uasset" 338
"../../../RiotControl/Content/Materials/Storefront_M.uasset" 339
"../../../Engine/Content/BasicShapes/Cube.uasset" 340
"../../../RiotControl/Content/Maps/ProofOfConcept.umap" 341
